cp: cannot stat './data_1/*.nc4': No such file or directory
/bin/mv: cannot stat './data_1/*.nc4': No such file or directory
cp: cannot stat './data_2/*.nc4': No such file or directory
/bin/rm: cannot remove './data_1/*.nc4': No such file or directory


real	0m0.063s
user	0m0.005s
sys	0m0.015s
cp: cannot stat './data_2/*.nc4': No such file or directory
/bin/mv: cannot stat './data_2/*.nc4': No such file or directory
cp: cannot stat './data_1/*.nc4': No such file or directory
/bin/rm: cannot remove './data_2/*.nc4': No such file or directory


real	0m0.069s
user	0m0.016s
sys	0m0.005s
cp: cannot stat './data_1/*.nc4': No such file or directory
/bin/mv: cannot stat './data_1/*.nc4': No such file or directory
cp: cannot stat './data_2/*.nc4': No such file or directory
/bin/rm: cannot remove './data_1/*.nc4': No such file or directory


real	0m0.073s
user	0m0.020s
sys	0m0.000s
cp: cannot stat './data_2/*.nc4': No such file or directory
/bin/mv: cannot stat './data_2/*.nc4': No such file or directory
cp: cannot stat './data_1/*.nc4': No such file or directory
/bin/rm: cannot remove './data_2/*.nc4': No such file or directory


real	0m0.113s
user	0m0.006s
sys	0m0.016s
cp: cannot stat './data_1/*.nc4': No such file or directory
/bin/mv: cannot stat './data_1/*.nc4': No such file or directory
cp: cannot stat './data_2/*.nc4': No such file or directory
/bin/rm: cannot remove './data_1/*.nc4': No such file or directory


real	0m0.072s
user	0m0.009s
sys	0m0.010s
cp: cannot stat './data_2/*.nc4': No such file or directory
/bin/mv: cannot stat './data_2/*.nc4': No such file or directory
cp: cannot stat './data_1/*.nc4': No such file or directory
/bin/rm: cannot remove './data_2/*.nc4': No such file or directory


real	0m0.083s
user	0m0.004s
sys	0m0.014s
cp: cannot stat './data_1/*.nc4': No such file or directory
/bin/mv: cannot stat './data_1/*.nc4': No such file or directory
cp: cannot stat './data_2/*.nc4': No such file or directory
/bin/rm: cannot remove './data_1/*.nc4': No such file or directory


real	0m0.096s
user	0m0.009s
sys	0m0.010s
cp: cannot stat './data_2/*.nc4': No such file or directory
/bin/mv: cannot stat './data_2/*.nc4': No such file or directory
cp: cannot stat './data_1/*.nc4': No such file or directory
/bin/rm: cannot remove './data_2/*.nc4': No such file or directory


real	0m0.075s
user	0m0.011s
sys	0m0.007s
cp: cannot stat './data_1/*.nc4': No such file or directory
/bin/mv: cannot stat './data_1/*.nc4': No such file or directory
cp: cannot stat './data_2/*.nc4': No such file or directory
/bin/rm: cannot remove './data_1/*.nc4': No such file or directory


real	0m0.060s
user	0m0.002s
sys	0m0.015s
cp: cannot stat './data_2/*.nc4': No such file or directory
/bin/mv: cannot stat './data_2/*.nc4': No such file or directory
cp: cannot stat './data_1/*.nc4': No such file or directory
/bin/rm: cannot remove './data_2/*.nc4': No such file or directory


real	0m0.092s
user	0m0.000s
sys	0m0.019s
cp: cannot stat './data_1/*.nc4': No such file or directory
/bin/mv: cannot stat './data_1/*.nc4': No such file or directory
cp: cannot stat './data_2/*.nc4': No such file or directory
/bin/rm: cannot remove './data_1/*.nc4': No such file or directory


real	0m0.099s
user	0m0.008s
sys	0m0.014s
cp: cannot stat './data_2/*.nc4': No such file or directory
/bin/mv: cannot stat './data_2/*.nc4': No such file or directory
cp: cannot stat './data_1/*.nc4': No such file or directory
/bin/rm: cannot remove './data_2/*.nc4': No such file or directory


real	0m0.102s
user	0m0.005s
sys	0m0.018s
cp: cannot stat './data_1/*.nc4': No such file or directory
/bin/mv: cannot stat './data_1/*.nc4': No such file or directory
cp: cannot stat './data_2/*.nc4': No such file or directory
/bin/rm: cannot remove './data_1/*.nc4': No such file or directory


real	0m0.071s
user	0m0.011s
sys	0m0.010s
cp: cannot stat './data_2/*.nc4': No such file or directory
/bin/mv: cannot stat './data_2/*.nc4': No such file or directory
cp: cannot stat './data_1/*.nc4': No such file or directory
/bin/rm: cannot remove './data_2/*.nc4': No such file or directory


real	0m0.077s
user	0m0.005s
sys	0m0.016s
cp: cannot stat './data_1/*.nc4': No such file or directory
/bin/mv: cannot stat './data_1/*.nc4': No such file or directory
cp: cannot stat './data_2/*.nc4': No such file or directory
/bin/rm: cannot remove './data_1/*.nc4': No such file or directory


real	0m0.068s
user	0m0.009s
sys	0m0.010s
cp: cannot stat './data_2/*.nc4': No such file or directory
/bin/mv: cannot stat './data_2/*.nc4': No such file or directory
cp: cannot stat './data_1/*.nc4': No such file or directory
/bin/rm: cannot remove './data_2/*.nc4': No such file or directory


real	0m0.106s
user	0m0.000s
sys	0m0.022s
cp: cannot stat './data_1/*.nc4': No such file or directory
/bin/mv: cannot stat './data_1/*.nc4': No such file or directory
cp: cannot stat './data_2/*.nc4': No such file or directory
/bin/rm: cannot remove './data_1/*.nc4': No such file or directory


real	0m0.077s
user	0m0.010s
sys	0m0.010s
cp: cannot stat './data_2/*.nc4': No such file or directory
/bin/mv: cannot stat './data_2/*.nc4': No such file or directory
cp: cannot stat './data_1/*.nc4': No such file or directory
/bin/rm: cannot remove './data_2/*.nc4': No such file or directory


real	0m0.079s
user	0m0.005s
sys	0m0.016s
cp: cannot stat './data_1/*.nc4': No such file or directory
/bin/mv: cannot stat './data_1/*.nc4': No such file or directory
cp: cannot stat './data_2/*.nc4': No such file or directory
/bin/rm: cannot remove './data_1/*.nc4': No such file or directory


real	0m0.066s
user	0m0.014s
sys	0m0.009s
cp: cannot stat './data_2/*.nc4': No such file or directory
/bin/mv: cannot stat './data_2/*.nc4': No such file or directory
cp: cannot stat './data_1/*.nc4': No such file or directory
/bin/rm: cannot remove './data_2/*.nc4': No such file or directory


real	0m0.065s
user	0m0.005s
sys	0m0.015s
cp: cannot stat './data_1/*.nc4': No such file or directory
/bin/mv: cannot stat './data_1/*.nc4': No such file or directory
cp: cannot stat './data_2/*.nc4': No such file or directory
/bin/rm: cannot remove './data_1/*.nc4': No such file or directory


real	0m0.103s
user	0m0.010s
sys	0m0.012s
cp: cannot stat './data_2/*.nc4': No such file or directory
/bin/mv: cannot stat './data_2/*.nc4': No such file or directory
cp: cannot stat './data_1/*.nc4': No such file or directory
/bin/rm: cannot remove './data_2/*.nc4': No such file or directory


real	0m0.078s
user	0m0.005s
sys	0m0.017s
cp: cannot stat './data_1/*.nc4': No such file or directory
/bin/mv: cannot stat './data_1/*.nc4': No such file or directory
cp: cannot stat './data_2/*.nc4': No such file or directory
/bin/rm: cannot remove './data_1/*.nc4': No such file or directory


real	0m0.092s
user	0m0.007s
sys	0m0.012s
cp: cannot stat './data_2/*.nc4': No such file or directory
/bin/mv: cannot stat './data_2/*.nc4': No such file or directory
cp: cannot stat './data_1/*.nc4': No such file or directory
/bin/rm: cannot remove './data_2/*.nc4': No such file or directory


real	0m0.084s
user	0m0.002s
sys	0m0.016s
cp: cannot stat './data_1/*.nc4': No such file or directory
/bin/mv: cannot stat './data_1/*.nc4': No such file or directory
cp: cannot stat './data_2/*.nc4': No such file or directory
/bin/rm: cannot remove './data_1/*.nc4': No such file or directory


real	0m0.067s
user	0m0.011s
sys	0m0.011s
cp: cannot stat './data_2/*.nc4': No such file or directory
/bin/mv: cannot stat './data_2/*.nc4': No such file or directory
cp: cannot stat './data_1/*.nc4': No such file or directory
/bin/rm: cannot remove './data_2/*.nc4': No such file or directory


real	0m0.055s
user	0m0.014s
sys	0m0.005s
cp: cannot stat './data_1/*.nc4': No such file or directory
/bin/mv: cannot stat './data_1/*.nc4': No such file or directory
cp: cannot stat './data_2/*.nc4': No such file or directory
/bin/rm: cannot remove './data_1/*.nc4': No such file or directory


real	0m0.061s
user	0m0.005s
sys	0m0.014s
cp: cannot stat './data_2/*.nc4': No such file or directory
/bin/mv: cannot stat './data_2/*.nc4': No such file or directory
cp: cannot stat './data_1/*.nc4': No such file or directory
/bin/rm: cannot remove './data_2/*.nc4': No such file or directory


real	0m0.056s
user	0m0.005s
sys	0m0.013s
cp: cannot stat './data_1/*.nc4': No such file or directory
/bin/mv: cannot stat './data_1/*.nc4': No such file or directory
cp: cannot stat './data_2/*.nc4': No such file or directory
/bin/rm: cannot remove './data_1/*.nc4': No such file or directory


real	0m0.065s
user	0m0.001s
sys	0m0.018s
cp: cannot stat './data_2/*.nc4': No such file or directory
/bin/mv: cannot stat './data_2/*.nc4': No such file or directory
cp: cannot stat './data_1/*.nc4': No such file or directory
/bin/rm: cannot remove './data_2/*.nc4': No such file or directory


real	0m0.075s
user	0m0.006s
sys	0m0.017s
cp: cannot stat './data_1/*.nc4': No such file or directory
/bin/mv: cannot stat './data_1/*.nc4': No such file or directory
cp: cannot stat './data_2/*.nc4': No such file or directory
/bin/rm: cannot remove './data_1/*.nc4': No such file or directory


real	0m0.084s
user	0m0.000s
sys	0m0.021s
cp: cannot stat './data_2/*.nc4': No such file or directory
/bin/mv: cannot stat './data_2/*.nc4': No such file or directory
cp: cannot stat './data_1/*.nc4': No such file or directory
/bin/rm: cannot remove './data_2/*.nc4': No such file or directory


real	0m0.075s
user	0m0.003s
sys	0m0.019s
cp: cannot stat './data_1/*.nc4': No such file or directory
/bin/mv: cannot stat './data_1/*.nc4': No such file or directory
cp: cannot stat './data_2/*.nc4': No such file or directory
/bin/rm: cannot remove './data_1/*.nc4': No such file or directory


real	0m0.056s
user	0m0.000s
sys	0m0.017s
cp: cannot stat './data_2/*.nc4': No such file or directory
/bin/mv: cannot stat './data_2/*.nc4': No such file or directory
cp: cannot stat './data_1/*.nc4': No such file or directory
/bin/rm: cannot remove './data_2/*.nc4': No such file or directory


real	0m0.071s
user	0m0.005s
sys	0m0.015s
cp: cannot stat './data_1/*.nc4': No such file or directory
/bin/mv: cannot stat './data_1/*.nc4': No such file or directory
cp: cannot stat './data_2/*.nc4': No such file or directory
/bin/rm: cannot remove './data_1/*.nc4': No such file or directory


real	0m0.073s
user	0m0.005s
sys	0m0.016s
cp: cannot stat './data_2/*.nc4': No such file or directory
/bin/mv: cannot stat './data_2/*.nc4': No such file or directory
cp: cannot stat './data_1/*.nc4': No such file or directory
/bin/rm: cannot remove './data_2/*.nc4': No such file or directory


real	0m0.085s
user	0m0.009s
sys	0m0.010s
cp: cannot stat './data_1/*.nc4': No such file or directory
/bin/mv: cannot stat './data_1/*.nc4': No such file or directory
cp: cannot stat './data_2/*.nc4': No such file or directory
/bin/rm: cannot remove './data_1/*.nc4': No such file or directory


real	0m0.088s
user	0m0.006s
sys	0m0.015s
cp: cannot stat './data_2/*.nc4': No such file or directory
/bin/mv: cannot stat './data_2/*.nc4': No such file or directory
cp: cannot stat './data_1/*.nc4': No such file or directory
/bin/rm: cannot remove './data_2/*.nc4': No such file or directory


real	0m0.063s
user	0m0.004s
sys	0m0.014s
cp: cannot stat './data_1/*.nc4': No such file or directory
/bin/mv: cannot stat './data_1/*.nc4': No such file or directory
cp: cannot stat './data_2/*.nc4': No such file or directory
/bin/rm: cannot remove './data_1/*.nc4': No such file or directory


real	0m0.064s
user	0m0.009s
sys	0m0.009s
cp: cannot stat './data_2/*.nc4': No such file or directory
/bin/mv: cannot stat './data_2/*.nc4': No such file or directory
cp: cannot stat './data_1/*.nc4': No such file or directory
/bin/rm: cannot remove './data_2/*.nc4': No such file or directory


real	0m0.076s
user	0m0.005s
sys	0m0.015s
cp: cannot stat './data_1/*.nc4': No such file or directory
/bin/mv: cannot stat './data_1/*.nc4': No such file or directory
cp: cannot stat './data_2/*.nc4': No such file or directory
/bin/rm: cannot remove './data_1/*.nc4': No such file or directory


real	0m0.086s
user	0m0.000s
sys	0m0.021s
cp: cannot stat './data_2/*.nc4': No such file or directory
/bin/mv: cannot stat './data_2/*.nc4': No such file or directory
cp: cannot stat './data_1/*.nc4': No such file or directory
/bin/rm: cannot remove './data_2/*.nc4': No such file or directory


real	0m0.085s
user	0m0.005s
sys	0m0.017s
cp: cannot stat './data_1/*.nc4': No such file or directory
/bin/mv: cannot stat './data_1/*.nc4': No such file or directory
cp: cannot stat './data_2/*.nc4': No such file or directory
/bin/rm: cannot remove './data_1/*.nc4': No such file or directory


real	0m0.083s
user	0m0.005s
sys	0m0.014s
cp: cannot stat './data_2/*.nc4': No such file or directory
/bin/mv: cannot stat './data_2/*.nc4': No such file or directory
cp: cannot stat './data_1/*.nc4': No such file or directory
/bin/rm: cannot remove './data_2/*.nc4': No such file or directory


real	0m0.075s
user	0m0.000s
sys	0m0.018s
cp: cannot stat './data_1/*.nc4': No such file or directory
/bin/mv: cannot stat './data_1/*.nc4': No such file or directory
cp: cannot stat './data_2/*.nc4': No such file or directory
/bin/rm: cannot remove './data_1/*.nc4': No such file or directory


real	0m0.094s
user	0m0.000s
sys	0m0.020s
cp: cannot stat './data_2/*.nc4': No such file or directory
/bin/mv: cannot stat './data_2/*.nc4': No such file or directory
cp: cannot stat './data_1/*.nc4': No such file or directory
/bin/rm: cannot remove './data_2/*.nc4': No such file or directory


real	0m0.077s
user	0m0.006s
sys	0m0.012s
cp: cannot stat './data_1/*.nc4': No such file or directory
/bin/mv: cannot stat './data_1/*.nc4': No such file or directory
cp: cannot stat './data_2/*.nc4': No such file or directory
/bin/rm: cannot remove './data_1/*.nc4': No such file or directory


real	0m0.089s
user	0m0.008s
sys	0m0.009s
cp: cannot stat './data_2/*.nc4': No such file or directory
/bin/mv: cannot stat './data_2/*.nc4': No such file or directory
cp: cannot stat './data_1/*.nc4': No such file or directory
/bin/rm: cannot remove './data_2/*.nc4': No such file or directory


real	0m0.084s
user	0m0.014s
sys	0m0.005s
cp: cannot stat './data_1/*.nc4': No such file or directory
/bin/mv: cannot stat './data_1/*.nc4': No such file or directory
cp: cannot stat './data_2/*.nc4': No such file or directory
/bin/rm: cannot remove './data_1/*.nc4': No such file or directory


real	0m0.101s
user	0m0.009s
sys	0m0.009s
cp: cannot stat './data_2/*.nc4': No such file or directory
/bin/mv: cannot stat './data_2/*.nc4': No such file or directory
cp: cannot stat './data_1/*.nc4': No such file or directory
/bin/rm: cannot remove './data_2/*.nc4': No such file or directory


real	0m0.078s
user	0m0.006s
sys	0m0.014s
cp: cannot stat './data_1/*.nc4': No such file or directory
/bin/mv: cannot stat './data_1/*.nc4': No such file or directory
cp: cannot stat './data_2/*.nc4': No such file or directory
/bin/rm: cannot remove './data_1/*.nc4': No such file or directory


real	0m0.072s
user	0m0.005s
sys	0m0.014s
cp: cannot stat './data_2/*.nc4': No such file or directory
/bin/mv: cannot stat './data_2/*.nc4': No such file or directory
cp: cannot stat './data_1/*.nc4': No such file or directory
/bin/rm: cannot remove './data_2/*.nc4': No such file or directory


real	0m0.058s
user	0m0.004s
sys	0m0.013s
cp: cannot stat './data_1/*.nc4': No such file or directory
/bin/mv: cannot stat './data_1/*.nc4': No such file or directory
cp: cannot stat './data_2/*.nc4': No such file or directory
/bin/rm: cannot remove './data_1/*.nc4': No such file or directory


real	0m0.064s
user	0m0.002s
sys	0m0.018s
cp: cannot stat './data_2/*.nc4': No such file or directory
/bin/mv: cannot stat './data_2/*.nc4': No such file or directory
cp: cannot stat './data_1/*.nc4': No such file or directory
/bin/rm: cannot remove './data_2/*.nc4': No such file or directory


real	0m0.086s
user	0m0.010s
sys	0m0.011s
cp: cannot stat './data_1/*.nc4': No such file or directory
/bin/mv: cannot stat './data_1/*.nc4': No such file or directory
cp: cannot stat './data_2/*.nc4': No such file or directory
/bin/rm: cannot remove './data_1/*.nc4': No such file or directory


real	0m0.060s
user	0m0.007s
sys	0m0.013s
cp: cannot stat './data_2/*.nc4': No such file or directory
/bin/mv: cannot stat './data_2/*.nc4': No such file or directory
cp: cannot stat './data_1/*.nc4': No such file or directory
/bin/rm: cannot remove './data_2/*.nc4': No such file or directory


real	0m0.087s
user	0m0.006s
sys	0m0.017s
cp: cannot stat './data_1/*.nc4': No such file or directory
/bin/mv: cannot stat './data_1/*.nc4': No such file or directory
cp: cannot stat './data_2/*.nc4': No such file or directory
/bin/rm: cannot remove './data_1/*.nc4': No such file or directory


real	0m0.073s
user	0m0.013s
sys	0m0.005s
cp: cannot stat './data_2/*.nc4': No such file or directory
/bin/mv: cannot stat './data_2/*.nc4': No such file or directory
cp: cannot stat './data_1/*.nc4': No such file or directory
/bin/rm: cannot remove './data_2/*.nc4': No such file or directory


real	0m0.067s
user	0m0.009s
sys	0m0.010s
cp: cannot stat './data_1/*.nc4': No such file or directory
/bin/mv: cannot stat './data_1/*.nc4': No such file or directory
cp: cannot stat './data_2/*.nc4': No such file or directory
/bin/rm: cannot remove './data_1/*.nc4': No such file or directory


real	0m0.058s
user	0m0.001s
sys	0m0.021s
cp: cannot stat './data_2/*.nc4': No such file or directory
/bin/mv: cannot stat './data_2/*.nc4': No such file or directory
cp: cannot stat './data_1/*.nc4': No such file or directory
/bin/rm: cannot remove './data_2/*.nc4': No such file or directory


real	0m0.066s
user	0m0.007s
sys	0m0.013s
cp: cannot stat './data_1/*.nc4': No such file or directory
/bin/mv: cannot stat './data_1/*.nc4': No such file or directory
cp: cannot stat './data_2/*.nc4': No such file or directory
/bin/rm: cannot remove './data_1/*.nc4': No such file or directory


real	0m0.068s
user	0m0.003s
sys	0m0.015s
cp: cannot stat './data_2/*.nc4': No such file or directory
/bin/mv: cannot stat './data_2/*.nc4': No such file or directory
cp: cannot stat './data_1/*.nc4': No such file or directory
/bin/rm: cannot remove './data_2/*.nc4': No such file or directory


real	0m0.091s
user	0m0.005s
sys	0m0.015s
cp: cannot stat './data_1/*.nc4': No such file or directory
/bin/mv: cannot stat './data_1/*.nc4': No such file or directory
cp: cannot stat './data_2/*.nc4': No such file or directory
/bin/rm: cannot remove './data_1/*.nc4': No such file or directory


real	0m0.083s
user	0m0.005s
sys	0m0.014s
cp: cannot stat './data_2/*.nc4': No such file or directory
/bin/mv: cannot stat './data_2/*.nc4': No such file or directory
cp: cannot stat './data_1/*.nc4': No such file or directory
/bin/rm: cannot remove './data_2/*.nc4': No such file or directory


real	0m0.077s
user	0m0.010s
sys	0m0.010s
cp: cannot stat './data_1/*.nc4': No such file or directory
/bin/mv: cannot stat './data_1/*.nc4': No such file or directory
cp: cannot stat './data_2/*.nc4': No such file or directory
/bin/rm: cannot remove './data_1/*.nc4': No such file or directory


real	0m0.079s
user	0m0.005s
sys	0m0.014s
cp: cannot stat './data_2/*.nc4': No such file or directory
/bin/mv: cannot stat './data_2/*.nc4': No such file or directory
cp: cannot stat './data_1/*.nc4': No such file or directory
/bin/rm: cannot remove './data_2/*.nc4': No such file or directory


real	0m0.079s
user	0m0.003s
sys	0m0.020s
cp: cannot stat './data_1/*.nc4': No such file or directory
/bin/mv: cannot stat './data_1/*.nc4': No such file or directory
cp: cannot stat './data_2/*.nc4': No such file or directory
/bin/rm: cannot remove './data_1/*.nc4': No such file or directory


real	0m0.079s
user	0m0.005s
sys	0m0.014s
cp: cannot stat './data_2/*.nc4': No such file or directory
/bin/mv: cannot stat './data_2/*.nc4': No such file or directory
cp: cannot stat './data_1/*.nc4': No such file or directory
/bin/rm: cannot remove './data_2/*.nc4': No such file or directory


real	0m0.087s
user	0m0.011s
sys	0m0.008s
cp: cannot stat './data_1/*.nc4': No such file or directory
/bin/mv: cannot stat './data_1/*.nc4': No such file or directory
cp: cannot stat './data_2/*.nc4': No such file or directory
/bin/rm: cannot remove './data_1/*.nc4': No such file or directory


real	0m0.074s
user	0m0.005s
sys	0m0.014s
cp: cannot stat './data_2/*.nc4': No such file or directory
/bin/mv: cannot stat './data_2/*.nc4': No such file or directory
cp: cannot stat './data_1/*.nc4': No such file or directory
/bin/rm: cannot remove './data_2/*.nc4': No such file or directory


real	0m0.082s
user	0m0.005s
sys	0m0.015s
cp: cannot stat './data_1/*.nc4': No such file or directory
/bin/mv: cannot stat './data_1/*.nc4': No such file or directory
cp: cannot stat './data_2/*.nc4': No such file or directory
/bin/rm: cannot remove './data_1/*.nc4': No such file or directory


real	0m0.073s
user	0m0.006s
sys	0m0.014s
cp: cannot stat './data_2/*.nc4': No such file or directory
/bin/mv: cannot stat './data_2/*.nc4': No such file or directory
cp: cannot stat './data_1/*.nc4': No such file or directory
/bin/rm: cannot remove './data_2/*.nc4': No such file or directory


real	0m0.080s
user	0m0.005s
sys	0m0.014s
cp: cannot stat './data_1/*.nc4': No such file or directory
/bin/mv: cannot stat './data_1/*.nc4': No such file or directory
cp: cannot stat './data_2/*.nc4': No such file or directory
/bin/rm: cannot remove './data_1/*.nc4': No such file or directory


real	0m0.091s
user	0m0.009s
sys	0m0.010s
cp: cannot stat './data_2/*.nc4': No such file or directory
/bin/mv: cannot stat './data_2/*.nc4': No such file or directory
cp: cannot stat './data_1/*.nc4': No such file or directory
/bin/rm: cannot remove './data_2/*.nc4': No such file or directory


real	0m0.074s
user	0m0.000s
sys	0m0.019s
cp: cannot stat './data_1/*.nc4': No such file or directory
/bin/mv: cannot stat './data_1/*.nc4': No such file or directory
cp: cannot stat './data_2/*.nc4': No such file or directory
/bin/rm: cannot remove './data_1/*.nc4': No such file or directory


real	0m0.073s
user	0m0.000s
sys	0m0.021s
cp: cannot stat './data_2/*.nc4': No such file or directory
/bin/mv: cannot stat './data_2/*.nc4': No such file or directory
cp: cannot stat './data_1/*.nc4': No such file or directory
/bin/rm: cannot remove './data_2/*.nc4': No such file or directory


real	0m0.063s
user	0m0.000s
sys	0m0.018s
cp: cannot stat './data_1/*.nc4': No such file or directory
/bin/mv: cannot stat './data_1/*.nc4': No such file or directory
cp: cannot stat './data_2/*.nc4': No such file or directory
/bin/rm: cannot remove './data_1/*.nc4': No such file or directory


real	0m0.063s
user	0m0.009s
sys	0m0.010s
cp: cannot stat './data_2/*.nc4': No such file or directory
/bin/mv: cannot stat './data_2/*.nc4': No such file or directory
cp: cannot stat './data_1/*.nc4': No such file or directory
/bin/rm: cannot remove './data_2/*.nc4': No such file or directory


real	0m0.068s
user	0m0.000s
sys	0m0.017s
cp: cannot stat './data_1/*.nc4': No such file or directory
/bin/mv: cannot stat './data_1/*.nc4': No such file or directory
cp: cannot stat './data_2/*.nc4': No such file or directory
/bin/rm: cannot remove './data_1/*.nc4': No such file or directory


real	0m0.099s
user	0m0.005s
sys	0m0.018s
cp: cannot stat './data_2/*.nc4': No such file or directory
/bin/mv: cannot stat './data_2/*.nc4': No such file or directory
cp: cannot stat './data_1/*.nc4': No such file or directory
/bin/rm: cannot remove './data_2/*.nc4': No such file or directory


real	0m0.093s
user	0m0.015s
sys	0m0.005s
cp: cannot stat './data_1/*.nc4': No such file or directory
/bin/mv: cannot stat './data_1/*.nc4': No such file or directory
cp: cannot stat './data_2/*.nc4': No such file or directory
/bin/rm: cannot remove './data_1/*.nc4': No such file or directory


real	0m0.109s
user	0m0.000s
sys	0m0.022s
cp: cannot stat './data_2/*.nc4': No such file or directory
/bin/mv: cannot stat './data_2/*.nc4': No such file or directory
cp: cannot stat './data_1/*.nc4': No such file or directory
/bin/rm: cannot remove './data_2/*.nc4': No such file or directory


real	0m0.094s
user	0m0.000s
sys	0m0.022s
cp: cannot stat './data_1/*.nc4': No such file or directory
/bin/mv: cannot stat './data_1/*.nc4': No such file or directory
cp: cannot stat './data_2/*.nc4': No such file or directory
/bin/rm: cannot remove './data_1/*.nc4': No such file or directory


real	0m0.061s
user	0m0.002s
sys	0m0.016s
cp: cannot stat './data_2/*.nc4': No such file or directory
/bin/mv: cannot stat './data_2/*.nc4': No such file or directory
cp: cannot stat './data_1/*.nc4': No such file or directory
/bin/rm: cannot remove './data_2/*.nc4': No such file or directory


real	0m0.081s
user	0m0.005s
sys	0m0.015s
cp: cannot stat './data_1/*.nc4': No such file or directory
/bin/mv: cannot stat './data_1/*.nc4': No such file or directory
cp: cannot stat './data_2/*.nc4': No such file or directory
/bin/rm: cannot remove './data_1/*.nc4': No such file or directory


real	0m0.091s
user	0m0.011s
sys	0m0.011s
cp: cannot stat './data_2/*.nc4': No such file or directory
/bin/mv: cannot stat './data_2/*.nc4': No such file or directory
cp: cannot stat './data_1/*.nc4': No such file or directory
/bin/rm: cannot remove './data_2/*.nc4': No such file or directory


real	0m0.106s
user	0m0.012s
sys	0m0.013s
cp: cannot stat './data_1/*.nc4': No such file or directory
/bin/mv: cannot stat './data_1/*.nc4': No such file or directory
cp: cannot stat './data_2/*.nc4': No such file or directory
/bin/rm: cannot remove './data_1/*.nc4': No such file or directory


real	0m0.103s
user	0m0.006s
sys	0m0.015s
cp: cannot stat './data_2/*.nc4': No such file or directory
/bin/mv: cannot stat './data_2/*.nc4': No such file or directory
cp: cannot stat './data_1/*.nc4': No such file or directory
/bin/rm: cannot remove './data_2/*.nc4': No such file or directory


real	0m0.075s
user	0m0.007s
sys	0m0.012s
cp: cannot stat './data_1/*.nc4': No such file or directory
/bin/mv: cannot stat './data_1/*.nc4': No such file or directory
cp: cannot stat './data_2/*.nc4': No such file or directory
/bin/rm: cannot remove './data_1/*.nc4': No such file or directory


real	0m0.078s
user	0m0.006s
sys	0m0.013s
cp: cannot stat './data_2/*.nc4': No such file or directory
/bin/mv: cannot stat './data_2/*.nc4': No such file or directory
cp: cannot stat './data_1/*.nc4': No such file or directory
/bin/rm: cannot remove './data_2/*.nc4': No such file or directory


real	0m0.079s
user	0m0.000s
sys	0m0.021s
cp: cannot stat './data_1/*.nc4': No such file or directory
/bin/mv: cannot stat './data_1/*.nc4': No such file or directory
cp: cannot stat './data_2/*.nc4': No such file or directory
/bin/rm: cannot remove './data_1/*.nc4': No such file or directory


real	0m0.096s
user	0m0.010s
sys	0m0.010s
cp: cannot stat './data_2/*.nc4': No such file or directory
/bin/mv: cannot stat './data_2/*.nc4': No such file or directory
cp: cannot stat './data_1/*.nc4': No such file or directory
/bin/rm: cannot remove './data_2/*.nc4': No such file or directory


real	0m0.096s
user	0m0.000s
sys	0m0.021s
cp: cannot stat './data_1/*.nc4': No such file or directory
/bin/mv: cannot stat './data_1/*.nc4': No such file or directory
cp: cannot stat './data_2/*.nc4': No such file or directory
/bin/rm: cannot remove './data_1/*.nc4': No such file or directory


real	0m0.075s
user	0m0.010s
sys	0m0.011s
cp: cannot stat './data_2/*.nc4': No such file or directory
/bin/mv: cannot stat './data_2/*.nc4': No such file or directory
cp: cannot stat './data_1/*.nc4': No such file or directory
/bin/rm: cannot remove './data_2/*.nc4': No such file or directory


real	0m0.072s
user	0m0.004s
sys	0m0.013s
cp: cannot stat './data_1/*.nc4': No such file or directory
/bin/mv: cannot stat './data_1/*.nc4': No such file or directory
cp: cannot stat './data_2/*.nc4': No such file or directory
/bin/rm: cannot remove './data_1/*.nc4': No such file or directory


real	0m0.096s
user	0m0.000s
sys	0m0.020s
cp: cannot stat './data_2/*.nc4': No such file or directory
/bin/mv: cannot stat './data_2/*.nc4': No such file or directory
cp: cannot stat './data_1/*.nc4': No such file or directory
/bin/rm: cannot remove './data_2/*.nc4': No such file or directory


real	0m0.087s
user	0m0.000s
sys	0m0.018s
cp: cannot stat './data_1/*.nc4': No such file or directory
/bin/mv: cannot stat './data_1/*.nc4': No such file or directory
cp: cannot stat './data_2/*.nc4': No such file or directory
/bin/rm: cannot remove './data_1/*.nc4': No such file or directory


real	0m0.092s
user	0m0.000s
sys	0m0.020s
cp: cannot stat './data_2/*.nc4': No such file or directory
/bin/mv: cannot stat './data_2/*.nc4': No such file or directory
cp: cannot stat './data_1/*.nc4': No such file or directory
/bin/rm: cannot remove './data_2/*.nc4': No such file or directory


real	0m0.086s
user	0m0.000s
sys	0m0.018s
cp: cannot stat './data_1/*.nc4': No such file or directory
/bin/mv: cannot stat './data_1/*.nc4': No such file or directory
cp: cannot stat './data_2/*.nc4': No such file or directory
/bin/rm: cannot remove './data_1/*.nc4': No such file or directory


real	0m0.088s
user	0m0.009s
sys	0m0.010s
cp: cannot stat './data_2/*.nc4': No such file or directory
/bin/mv: cannot stat './data_2/*.nc4': No such file or directory
cp: cannot stat './data_1/*.nc4': No such file or directory
/bin/rm: cannot remove './data_2/*.nc4': No such file or directory


real	0m0.092s
user	0m0.000s
sys	0m0.021s
cp: cannot stat './data_1/*.nc4': No such file or directory
/bin/mv: cannot stat './data_1/*.nc4': No such file or directory
cp: cannot stat './data_2/*.nc4': No such file or directory
/bin/rm: cannot remove './data_1/*.nc4': No such file or directory


real	0m0.116s
user	0m0.010s
sys	0m0.010s
cp: cannot stat './data_2/*.nc4': No such file or directory
/bin/mv: cannot stat './data_2/*.nc4': No such file or directory
cp: cannot stat './data_1/*.nc4': No such file or directory
/bin/rm: cannot remove './data_2/*.nc4': No such file or directory


real	0m0.098s
user	0m0.012s
sys	0m0.008s
cp: cannot stat './data_1/*.nc4': No such file or directory
/bin/mv: cannot stat './data_1/*.nc4': No such file or directory
cp: cannot stat './data_2/*.nc4': No such file or directory
/bin/rm: cannot remove './data_1/*.nc4': No such file or directory


real	0m0.079s
user	0m0.013s
sys	0m0.005s
cp: cannot stat './data_2/*.nc4': No such file or directory
/bin/mv: cannot stat './data_2/*.nc4': No such file or directory
cp: cannot stat './data_1/*.nc4': No such file or directory
/bin/rm: cannot remove './data_2/*.nc4': No such file or directory


real	0m0.069s
user	0m0.000s
sys	0m0.018s
cp: cannot stat './data_1/*.nc4': No such file or directory
/bin/mv: cannot stat './data_1/*.nc4': No such file or directory
cp: cannot stat './data_2/*.nc4': No such file or directory
/bin/rm: cannot remove './data_1/*.nc4': No such file or directory


real	0m0.081s
user	0m0.009s
sys	0m0.010s
cp: cannot stat './data_2/*.nc4': No such file or directory
/bin/mv: cannot stat './data_2/*.nc4': No such file or directory
cp: cannot stat './data_1/*.nc4': No such file or directory
/bin/rm: cannot remove './data_2/*.nc4': No such file or directory


real	0m0.088s
user	0m0.009s
sys	0m0.010s
cp: cannot stat './data_1/*.nc4': No such file or directory
/bin/mv: cannot stat './data_1/*.nc4': No such file or directory
cp: cannot stat './data_2/*.nc4': No such file or directory
/bin/rm: cannot remove './data_1/*.nc4': No such file or directory


real	0m0.091s
user	0m0.005s
sys	0m0.015s
cp: cannot stat './data_2/*.nc4': No such file or directory
/bin/mv: cannot stat './data_2/*.nc4': No such file or directory
cp: cannot stat './data_1/*.nc4': No such file or directory
/bin/rm: cannot remove './data_2/*.nc4': No such file or directory


real	0m0.084s
user	0m0.009s
sys	0m0.009s
cp: cannot stat './data_1/*.nc4': No such file or directory
/bin/mv: cannot stat './data_1/*.nc4': No such file or directory
cp: cannot stat './data_2/*.nc4': No such file or directory
/bin/rm: cannot remove './data_1/*.nc4': No such file or directory


real	0m0.091s
user	0m0.011s
sys	0m0.011s
cp: cannot stat './data_2/*.nc4': No such file or directory
/bin/mv: cannot stat './data_2/*.nc4': No such file or directory
cp: cannot stat './data_1/*.nc4': No such file or directory
/bin/rm: cannot remove './data_2/*.nc4': No such file or directory


real	0m0.070s
user	0m0.005s
sys	0m0.014s
cp: cannot stat './data_1/*.nc4': No such file or directory
/bin/mv: cannot stat './data_1/*.nc4': No such file or directory
cp: cannot stat './data_2/*.nc4': No such file or directory
/bin/rm: cannot remove './data_1/*.nc4': No such file or directory


real	0m0.078s
user	0m0.004s
sys	0m0.012s
cp: cannot stat './data_2/*.nc4': No such file or directory
/bin/mv: cannot stat './data_2/*.nc4': No such file or directory
cp: cannot stat './data_1/*.nc4': No such file or directory
/bin/rm: cannot remove './data_2/*.nc4': No such file or directory


real	0m0.116s
user	0m0.000s
sys	0m0.025s
cp: cannot stat './data_1/*.nc4': No such file or directory
/bin/mv: cannot stat './data_1/*.nc4': No such file or directory
cp: cannot stat './data_2/*.nc4': No such file or directory
/bin/rm: cannot remove './data_1/*.nc4': No such file or directory


real	0m0.093s
user	0m0.005s
sys	0m0.017s
cp: cannot stat './data_2/*.nc4': No such file or directory
/bin/mv: cannot stat './data_2/*.nc4': No such file or directory
cp: cannot stat './data_1/*.nc4': No such file or directory
/bin/rm: cannot remove './data_2/*.nc4': No such file or directory


real	0m0.066s
user	0m0.005s
sys	0m0.014s
cp: cannot stat './data_1/*.nc4': No such file or directory
/bin/mv: cannot stat './data_1/*.nc4': No such file or directory
cp: cannot stat './data_2/*.nc4': No such file or directory
/bin/rm: cannot remove './data_1/*.nc4': No such file or directory


real	0m0.080s
user	0m0.000s
sys	0m0.021s
cp: cannot stat './data_2/*.nc4': No such file or directory
/bin/mv: cannot stat './data_2/*.nc4': No such file or directory
cp: cannot stat './data_1/*.nc4': No such file or directory
/bin/rm: cannot remove './data_2/*.nc4': No such file or directory


real	0m0.072s
user	0m0.005s
sys	0m0.014s
cp: cannot stat './data_1/*.nc4': No such file or directory
/bin/mv: cannot stat './data_1/*.nc4': No such file or directory
cp: cannot stat './data_2/*.nc4': No such file or directory
/bin/rm: cannot remove './data_1/*.nc4': No such file or directory


real	0m0.059s
user	0m0.006s
sys	0m0.014s
cp: cannot stat './data_2/*.nc4': No such file or directory
/bin/mv: cannot stat './data_2/*.nc4': No such file or directory
cp: cannot stat './data_1/*.nc4': No such file or directory
/bin/rm: cannot remove './data_2/*.nc4': No such file or directory


real	0m0.055s
user	0m0.005s
sys	0m0.014s
cp: cannot stat './data_1/*.nc4': No such file or directory
/bin/mv: cannot stat './data_1/*.nc4': No such file or directory
cp: cannot stat './data_2/*.nc4': No such file or directory
/bin/rm: cannot remove './data_1/*.nc4': No such file or directory


real	0m0.056s
user	0m0.010s
sys	0m0.010s
cp: cannot stat './data_2/*.nc4': No such file or directory
/bin/mv: cannot stat './data_2/*.nc4': No such file or directory
cp: cannot stat './data_1/*.nc4': No such file or directory
/bin/rm: cannot remove './data_2/*.nc4': No such file or directory


real	0m0.065s
user	0m0.003s
sys	0m0.020s
cp: cannot stat './data_1/*.nc4': No such file or directory
/bin/mv: cannot stat './data_1/*.nc4': No such file or directory
cp: cannot stat './data_2/*.nc4': No such file or directory
/bin/rm: cannot remove './data_1/*.nc4': No such file or directory


real	0m0.078s
user	0m0.005s
sys	0m0.014s
cp: cannot stat './data_2/*.nc4': No such file or directory
/bin/mv: cannot stat './data_2/*.nc4': No such file or directory
cp: cannot stat './data_1/*.nc4': No such file or directory
/bin/rm: cannot remove './data_2/*.nc4': No such file or directory


real	0m0.067s
user	0m0.006s
sys	0m0.015s
cp: cannot stat './data_1/*.nc4': No such file or directory
/bin/mv: cannot stat './data_1/*.nc4': No such file or directory
cp: cannot stat './data_2/*.nc4': No such file or directory
/bin/rm: cannot remove './data_1/*.nc4': No such file or directory


real	0m0.069s
user	0m0.003s
sys	0m0.019s
cp: cannot stat './data_2/*.nc4': No such file or directory
/bin/mv: cannot stat './data_2/*.nc4': No such file or directory
cp: cannot stat './data_1/*.nc4': No such file or directory
/bin/rm: cannot remove './data_2/*.nc4': No such file or directory


real	0m0.065s
user	0m0.011s
sys	0m0.011s
cp: cannot stat './data_1/*.nc4': No such file or directory
/bin/mv: cannot stat './data_1/*.nc4': No such file or directory
cp: cannot stat './data_2/*.nc4': No such file or directory
/bin/rm: cannot remove './data_1/*.nc4': No such file or directory


real	0m0.094s
user	0m0.005s
sys	0m0.014s
cp: cannot stat './data_2/*.nc4': No such file or directory
/bin/mv: cannot stat './data_2/*.nc4': No such file or directory
cp: cannot stat './data_1/*.nc4': No such file or directory
/bin/rm: cannot remove './data_2/*.nc4': No such file or directory


real	0m0.084s
user	0m0.004s
sys	0m0.014s
cp: cannot stat './data_1/*.nc4': No such file or directory
/bin/mv: cannot stat './data_1/*.nc4': No such file or directory
cp: cannot stat './data_2/*.nc4': No such file or directory
/bin/rm: cannot remove './data_1/*.nc4': No such file or directory


real	0m0.085s
user	0m0.000s
sys	0m0.018s
cp: cannot stat './data_2/*.nc4': No such file or directory
/bin/mv: cannot stat './data_2/*.nc4': No such file or directory
cp: cannot stat './data_1/*.nc4': No such file or directory
/bin/rm: cannot remove './data_2/*.nc4': No such file or directory


real	0m0.071s
user	0m0.006s
sys	0m0.017s
cp: cannot stat './data_1/*.nc4': No such file or directory
/bin/mv: cannot stat './data_1/*.nc4': No such file or directory
cp: cannot stat './data_2/*.nc4': No such file or directory
/bin/rm: cannot remove './data_1/*.nc4': No such file or directory


real	0m0.058s
user	0m0.014s
sys	0m0.005s
cp: cannot stat './data_2/*.nc4': No such file or directory
/bin/mv: cannot stat './data_2/*.nc4': No such file or directory
cp: cannot stat './data_1/*.nc4': No such file or directory
/bin/rm: cannot remove './data_2/*.nc4': No such file or directory


real	0m0.060s
user	0m0.000s
sys	0m0.021s
cp: cannot stat './data_1/*.nc4': No such file or directory
/bin/mv: cannot stat './data_1/*.nc4': No such file or directory
cp: cannot stat './data_2/*.nc4': No such file or directory
/bin/rm: cannot remove './data_1/*.nc4': No such file or directory


real	0m0.073s
user	0m0.009s
sys	0m0.010s
cp: cannot stat './data_2/*.nc4': No such file or directory
/bin/mv: cannot stat './data_2/*.nc4': No such file or directory
cp: cannot stat './data_1/*.nc4': No such file or directory
/bin/rm: cannot remove './data_2/*.nc4': No such file or directory


real	0m0.072s
user	0m0.005s
sys	0m0.015s
cp: cannot stat './data_1/*.nc4': No such file or directory
/bin/mv: cannot stat './data_1/*.nc4': No such file or directory
cp: cannot stat './data_2/*.nc4': No such file or directory
/bin/rm: cannot remove './data_1/*.nc4': No such file or directory


real	0m0.076s
user	0m0.003s
sys	0m0.018s
cp: cannot stat './data_2/*.nc4': No such file or directory
/bin/mv: cannot stat './data_2/*.nc4': No such file or directory
cp: cannot stat './data_1/*.nc4': No such file or directory
/bin/rm: cannot remove './data_2/*.nc4': No such file or directory


real	0m0.061s
user	0m0.005s
sys	0m0.016s
cp: cannot stat './data_1/*.nc4': No such file or directory
/bin/mv: cannot stat './data_1/*.nc4': No such file or directory
cp: cannot stat './data_2/*.nc4': No such file or directory
/bin/rm: cannot remove './data_1/*.nc4': No such file or directory


real	0m0.056s
user	0m0.016s
sys	0m0.005s
cp: cannot stat './data_2/*.nc4': No such file or directory
/bin/mv: cannot stat './data_2/*.nc4': No such file or directory
cp: cannot stat './data_1/*.nc4': No such file or directory
/bin/rm: cannot remove './data_2/*.nc4': No such file or directory


real	0m0.070s
user	0m0.000s
sys	0m0.021s
cp: cannot stat './data_1/*.nc4': No such file or directory
/bin/mv: cannot stat './data_1/*.nc4': No such file or directory
cp: cannot stat './data_2/*.nc4': No such file or directory
/bin/rm: cannot remove './data_1/*.nc4': No such file or directory


real	0m0.068s
user	0m0.004s
sys	0m0.014s
cp: cannot stat './data_2/*.nc4': No such file or directory
/bin/mv: cannot stat './data_2/*.nc4': No such file or directory
cp: cannot stat './data_1/*.nc4': No such file or directory
/bin/rm: cannot remove './data_2/*.nc4': No such file or directory


real	0m0.078s
user	0m0.005s
sys	0m0.016s
cp: cannot stat './data_1/*.nc4': No such file or directory
/bin/mv: cannot stat './data_1/*.nc4': No such file or directory
cp: cannot stat './data_2/*.nc4': No such file or directory
/bin/rm: cannot remove './data_1/*.nc4': No such file or directory


real	0m0.065s
user	0m0.013s
sys	0m0.005s
cp: cannot stat './data_2/*.nc4': No such file or directory
/bin/mv: cannot stat './data_2/*.nc4': No such file or directory
cp: cannot stat './data_1/*.nc4': No such file or directory
/bin/rm: cannot remove './data_2/*.nc4': No such file or directory


real	0m0.078s
user	0m0.009s
sys	0m0.011s
cp: cannot stat './data_1/*.nc4': No such file or directory
/bin/mv: cannot stat './data_1/*.nc4': No such file or directory
cp: cannot stat './data_2/*.nc4': No such file or directory
/bin/rm: cannot remove './data_1/*.nc4': No such file or directory


real	0m0.080s
user	0m0.005s
sys	0m0.015s
cp: cannot stat './data_2/*.nc4': No such file or directory
/bin/mv: cannot stat './data_2/*.nc4': No such file or directory
cp: cannot stat './data_1/*.nc4': No such file or directory
/bin/rm: cannot remove './data_2/*.nc4': No such file or directory


real	0m0.062s
user	0m0.017s
sys	0m0.005s
cp: cannot stat './data_1/*.nc4': No such file or directory
/bin/mv: cannot stat './data_1/*.nc4': No such file or directory
cp: cannot stat './data_2/*.nc4': No such file or directory
/bin/rm: cannot remove './data_1/*.nc4': No such file or directory


real	0m0.081s
user	0m0.000s
sys	0m0.023s
cp: cannot stat './data_2/*.nc4': No such file or directory
/bin/mv: cannot stat './data_2/*.nc4': No such file or directory
cp: cannot stat './data_1/*.nc4': No such file or directory
/bin/rm: cannot remove './data_2/*.nc4': No such file or directory


real	0m0.055s
user	0m0.013s
sys	0m0.005s
cp: cannot stat './data_1/*.nc4': No such file or directory
/bin/mv: cannot stat './data_1/*.nc4': No such file or directory
cp: cannot stat './data_2/*.nc4': No such file or directory
/bin/rm: cannot remove './data_1/*.nc4': No such file or directory


real	0m0.068s
user	0m0.000s
sys	0m0.018s
cp: cannot stat './data_2/*.nc4': No such file or directory
/bin/mv: cannot stat './data_2/*.nc4': No such file or directory
cp: cannot stat './data_1/*.nc4': No such file or directory
/bin/rm: cannot remove './data_2/*.nc4': No such file or directory


real	0m0.074s
user	0m0.010s
sys	0m0.010s
cp: cannot stat './data_1/*.nc4': No such file or directory
/bin/mv: cannot stat './data_1/*.nc4': No such file or directory
cp: cannot stat './data_2/*.nc4': No such file or directory
/bin/rm: cannot remove './data_1/*.nc4': No such file or directory


real	0m0.055s
user	0m0.002s
sys	0m0.015s
cp: cannot stat './data_2/*.nc4': No such file or directory
/bin/mv: cannot stat './data_2/*.nc4': No such file or directory
cp: cannot stat './data_1/*.nc4': No such file or directory
/bin/rm: cannot remove './data_2/*.nc4': No such file or directory


real	0m0.067s
user	0m0.000s
sys	0m0.020s
cp: cannot stat './data_1/*.nc4': No such file or directory
/bin/mv: cannot stat './data_1/*.nc4': No such file or directory
cp: cannot stat './data_2/*.nc4': No such file or directory
/bin/rm: cannot remove './data_1/*.nc4': No such file or directory


real	0m0.080s
user	0m0.011s
sys	0m0.009s
cp: cannot stat './data_2/*.nc4': No such file or directory
/bin/mv: cannot stat './data_2/*.nc4': No such file or directory
cp: cannot stat './data_1/*.nc4': No such file or directory
/bin/rm: cannot remove './data_2/*.nc4': No such file or directory


real	0m0.076s
user	0m0.013s
sys	0m0.006s
cp: cannot stat './data_1/*.nc4': No such file or directory
/bin/mv: cannot stat './data_1/*.nc4': No such file or directory
cp: cannot stat './data_2/*.nc4': No such file or directory
/bin/rm: cannot remove './data_1/*.nc4': No such file or directory


real	0m0.091s
user	0m0.005s
sys	0m0.018s
cp: cannot stat './data_2/*.nc4': No such file or directory
/bin/mv: cannot stat './data_2/*.nc4': No such file or directory
cp: cannot stat './data_1/*.nc4': No such file or directory
/bin/rm: cannot remove './data_2/*.nc4': No such file or directory


real	0m0.068s
user	0m0.010s
sys	0m0.010s
cp: cannot stat './data_1/*.nc4': No such file or directory
/bin/mv: cannot stat './data_1/*.nc4': No such file or directory
cp: cannot stat './data_2/*.nc4': No such file or directory
/bin/rm: cannot remove './data_1/*.nc4': No such file or directory


real	0m0.084s
user	0m0.019s
sys	0m0.000s
cp: cannot stat './data_2/*.nc4': No such file or directory
/bin/mv: cannot stat './data_2/*.nc4': No such file or directory
cp: cannot stat './data_1/*.nc4': No such file or directory
/bin/rm: cannot remove './data_2/*.nc4': No such file or directory


real	0m0.093s
user	0m0.009s
sys	0m0.011s
cp: cannot stat './data_1/*.nc4': No such file or directory
/bin/mv: cannot stat './data_1/*.nc4': No such file or directory
cp: cannot stat './data_2/*.nc4': No such file or directory
/bin/rm: cannot remove './data_1/*.nc4': No such file or directory


real	0m0.046s
user	0m0.018s
sys	0m0.000s
cp: cannot stat './data_2/*.nc4': No such file or directory
/bin/mv: cannot stat './data_2/*.nc4': No such file or directory
cp: cannot stat './data_1/*.nc4': No such file or directory
/bin/rm: cannot remove './data_2/*.nc4': No such file or directory


real	0m0.415s
user	0m0.000s
sys	0m0.018s
cp: cannot stat './data_1/*.nc4': No such file or directory
/bin/mv: cannot stat './data_1/*.nc4': No such file or directory
cp: cannot stat './data_2/*.nc4': No such file or directory
/bin/rm: cannot remove './data_1/*.nc4': No such file or directory


real	0m0.787s
user	0m0.004s
sys	0m0.015s
cp: cannot stat './data_2/*.nc4': No such file or directory
/bin/mv: cannot stat './data_2/*.nc4': No such file or directory
cp: cannot stat './data_1/*.nc4': No such file or directory
/bin/rm: cannot remove './data_2/*.nc4': No such file or directory


real	0m0.789s
user	0m0.001s
sys	0m0.021s
cp: cannot stat './data_1/*.nc4': No such file or directory
/bin/mv: cannot stat './data_1/*.nc4': No such file or directory
cp: cannot stat './data_2/*.nc4': No such file or directory
/bin/rm: cannot remove './data_1/*.nc4': No such file or directory


real	0m0.789s
user	0m0.011s
sys	0m0.010s
cp: cannot stat './data_2/*.nc4': No such file or directory
/bin/mv: cannot stat './data_2/*.nc4': No such file or directory
cp: cannot stat './data_1/*.nc4': No such file or directory
/bin/rm: cannot remove './data_2/*.nc4': No such file or directory


real	0m0.785s
user	0m0.003s
sys	0m0.017s
cp: cannot stat './data_1/*.nc4': No such file or directory
/bin/mv: cannot stat './data_1/*.nc4': No such file or directory
cp: cannot stat './data_2/*.nc4': No such file or directory
/bin/rm: cannot remove './data_1/*.nc4': No such file or directory


real	0m0.790s
user	0m0.010s
sys	0m0.010s
cp: cannot stat './data_2/*.nc4': No such file or directory
/bin/mv: cannot stat './data_2/*.nc4': No such file or directory
cp: cannot stat './data_1/*.nc4': No such file or directory
/bin/rm: cannot remove './data_2/*.nc4': No such file or directory


real	0m0.785s
user	0m0.010s
sys	0m0.011s
cp: cannot stat './data_1/*.nc4': No such file or directory
/bin/mv: cannot stat './data_1/*.nc4': No such file or directory
cp: cannot stat './data_2/*.nc4': No such file or directory
/bin/rm: cannot remove './data_1/*.nc4': No such file or directory


real	0m0.784s
user	0m0.006s
sys	0m0.017s
cp: cannot stat './data_2/*.nc4': No such file or directory
/bin/mv: cannot stat './data_2/*.nc4': No such file or directory
cp: cannot stat './data_1/*.nc4': No such file or directory
/bin/rm: cannot remove './data_2/*.nc4': No such file or directory


real	0m0.785s
user	0m0.012s
sys	0m0.011s
cp: cannot stat './data_1/*.nc4': No such file or directory
/bin/mv: cannot stat './data_1/*.nc4': No such file or directory
cp: cannot stat './data_2/*.nc4': No such file or directory
/bin/rm: cannot remove './data_1/*.nc4': No such file or directory


real	0m0.790s
user	0m0.008s
sys	0m0.014s
cp: cannot stat './data_2/*.nc4': No such file or directory
/bin/mv: cannot stat './data_2/*.nc4': No such file or directory
cp: cannot stat './data_1/*.nc4': No such file or directory
/bin/rm: cannot remove './data_2/*.nc4': No such file or directory


real	0m0.786s
user	0m0.000s
sys	0m0.022s
cp: cannot stat './data_1/*.nc4': No such file or directory
/bin/mv: cannot stat './data_1/*.nc4': No such file or directory
cp: cannot stat './data_2/*.nc4': No such file or directory
/bin/rm: cannot remove './data_1/*.nc4': No such file or directory


real	0m0.774s
user	0m0.011s
sys	0m0.010s
cp: cannot stat './data_2/*.nc4': No such file or directory
/bin/mv: cannot stat './data_2/*.nc4': No such file or directory
cp: cannot stat './data_1/*.nc4': No such file or directory
/bin/rm: cannot remove './data_2/*.nc4': No such file or directory


real	0m0.787s
user	0m0.016s
sys	0m0.005s
cp: cannot stat './data_1/*.nc4': No such file or directory
/bin/mv: cannot stat './data_1/*.nc4': No such file or directory
cp: cannot stat './data_2/*.nc4': No such file or directory
/bin/rm: cannot remove './data_1/*.nc4': No such file or directory


real	0m0.777s
user	0m0.005s
sys	0m0.015s
cp: cannot stat './data_2/*.nc4': No such file or directory
/bin/mv: cannot stat './data_2/*.nc4': No such file or directory
cp: cannot stat './data_1/*.nc4': No such file or directory
/bin/rm: cannot remove './data_2/*.nc4': No such file or directory


real	0m0.790s
user	0m0.000s
sys	0m0.021s
cp: cannot stat './data_1/*.nc4': No such file or directory
/bin/mv: cannot stat './data_1/*.nc4': No such file or directory
cp: cannot stat './data_2/*.nc4': No such file or directory
/bin/rm: cannot remove './data_1/*.nc4': No such file or directory


real	0m0.788s
user	0m0.000s
sys	0m0.018s
cp: cannot stat './data_2/*.nc4': No such file or directory
/bin/mv: cannot stat './data_2/*.nc4': No such file or directory
cp: cannot stat './data_1/*.nc4': No such file or directory
/bin/rm: cannot remove './data_2/*.nc4': No such file or directory


real	0m0.789s
user	0m0.005s
sys	0m0.016s
cp: cannot stat './data_1/*.nc4': No such file or directory
/bin/mv: cannot stat './data_1/*.nc4': No such file or directory
cp: cannot stat './data_2/*.nc4': No such file or directory
/bin/rm: cannot remove './data_1/*.nc4': No such file or directory


real	0m0.791s
user	0m0.004s
sys	0m0.015s
cp: cannot stat './data_2/*.nc4': No such file or directory
/bin/mv: cannot stat './data_2/*.nc4': No such file or directory
cp: cannot stat './data_1/*.nc4': No such file or directory
/bin/rm: cannot remove './data_2/*.nc4': No such file or directory


real	0m0.787s
user	0m0.010s
sys	0m0.011s
cp: cannot stat './data_1/*.nc4': No such file or directory
/bin/mv: cannot stat './data_1/*.nc4': No such file or directory
cp: cannot stat './data_2/*.nc4': No such file or directory
/bin/rm: cannot remove './data_1/*.nc4': No such file or directory


real	0m0.788s
user	0m0.000s
sys	0m0.021s
cp: cannot stat './data_2/*.nc4': No such file or directory
/bin/mv: cannot stat './data_2/*.nc4': No such file or directory
cp: cannot stat './data_1/*.nc4': No such file or directory
/bin/rm: cannot remove './data_2/*.nc4': No such file or directory


real	0m0.787s
user	0m0.010s
sys	0m0.010s
cp: cannot stat './data_1/*.nc4': No such file or directory
/bin/mv: cannot stat './data_1/*.nc4': No such file or directory
cp: cannot stat './data_2/*.nc4': No such file or directory
/bin/rm: cannot remove './data_1/*.nc4': No such file or directory


real	0m0.786s
user	0m0.000s
sys	0m0.022s
cp: cannot stat './data_2/*.nc4': No such file or directory
/bin/mv: cannot stat './data_2/*.nc4': No such file or directory
cp: cannot stat './data_1/*.nc4': No such file or directory
/bin/rm: cannot remove './data_2/*.nc4': No such file or directory


real	0m0.784s
user	0m0.010s
sys	0m0.010s
cp: cannot stat './data_1/*.nc4': No such file or directory
/bin/mv: cannot stat './data_1/*.nc4': No such file or directory
cp: cannot stat './data_2/*.nc4': No such file or directory
/bin/rm: cannot remove './data_1/*.nc4': No such file or directory


real	0m0.792s
user	0m0.005s
sys	0m0.016s
cp: cannot stat './data_2/*.nc4': No such file or directory
/bin/mv: cannot stat './data_2/*.nc4': No such file or directory
cp: cannot stat './data_1/*.nc4': No such file or directory
/bin/rm: cannot remove './data_2/*.nc4': No such file or directory


real	0m0.762s
user	0m0.000s
sys	0m0.021s
cp: cannot stat './data_1/*.nc4': No such file or directory
/bin/mv: cannot stat './data_1/*.nc4': No such file or directory
cp: cannot stat './data_2/*.nc4': No such file or directory
/bin/rm: cannot remove './data_1/*.nc4': No such file or directory


real	0m0.789s
user	0m0.010s
sys	0m0.011s
cp: cannot stat './data_2/*.nc4': No such file or directory
/bin/mv: cannot stat './data_2/*.nc4': No such file or directory
cp: cannot stat './data_1/*.nc4': No such file or directory
/bin/rm: cannot remove './data_2/*.nc4': No such file or directory


real	0m0.791s
user	0m0.016s
sys	0m0.005s
cp: cannot stat './data_1/*.nc4': No such file or directory
/bin/mv: cannot stat './data_1/*.nc4': No such file or directory
cp: cannot stat './data_2/*.nc4': No such file or directory
/bin/rm: cannot remove './data_1/*.nc4': No such file or directory


real	0m0.793s
user	0m0.000s
sys	0m0.024s
cp: cannot stat './data_2/*.nc4': No such file or directory
/bin/mv: cannot stat './data_2/*.nc4': No such file or directory
cp: cannot stat './data_1/*.nc4': No such file or directory
/bin/rm: cannot remove './data_2/*.nc4': No such file or directory


real	0m0.775s
user	0m0.004s
sys	0m0.015s
cp: cannot stat './data_1/*.nc4': No such file or directory
/bin/mv: cannot stat './data_1/*.nc4': No such file or directory
cp: cannot stat './data_2/*.nc4': No such file or directory
/bin/rm: cannot remove './data_1/*.nc4': No such file or directory


real	0m0.779s
user	0m0.005s
sys	0m0.015s
cp: cannot stat './data_2/*.nc4': No such file or directory
/bin/mv: cannot stat './data_2/*.nc4': No such file or directory
cp: cannot stat './data_1/*.nc4': No such file or directory
/bin/rm: cannot remove './data_2/*.nc4': No such file or directory


real	0m0.788s
user	0m0.021s
sys	0m0.000s
cp: cannot stat './data_1/*.nc4': No such file or directory
/bin/mv: cannot stat './data_1/*.nc4': No such file or directory
cp: cannot stat './data_2/*.nc4': No such file or directory
/bin/rm: cannot remove './data_1/*.nc4': No such file or directory


real	0m0.788s
user	0m0.006s
sys	0m0.014s
cp: cannot stat './data_2/*.nc4': No such file or directory
/bin/mv: cannot stat './data_2/*.nc4': No such file or directory
cp: cannot stat './data_1/*.nc4': No such file or directory
/bin/rm: cannot remove './data_2/*.nc4': No such file or directory


real	0m0.784s
user	0m0.010s
sys	0m0.010s
cp: cannot stat './data_1/*.nc4': No such file or directory
/bin/mv: cannot stat './data_1/*.nc4': No such file or directory
cp: cannot stat './data_2/*.nc4': No such file or directory
/bin/rm: cannot remove './data_1/*.nc4': No such file or directory


real	0m0.795s
user	0m0.000s
sys	0m0.022s
cp: cannot stat './data_2/*.nc4': No such file or directory
/bin/mv: cannot stat './data_2/*.nc4': No such file or directory
cp: cannot stat './data_1/*.nc4': No such file or directory
/bin/rm: cannot remove './data_2/*.nc4': No such file or directory


real	0m0.767s
user	0m0.012s
sys	0m0.008s
cp: cannot stat './data_1/*.nc4': No such file or directory
/bin/mv: cannot stat './data_1/*.nc4': No such file or directory
cp: cannot stat './data_2/*.nc4': No such file or directory
/bin/rm: cannot remove './data_1/*.nc4': No such file or directory


real	0m0.787s
user	0m0.000s
sys	0m0.020s
cp: cannot stat './data_2/*.nc4': No such file or directory
/bin/mv: cannot stat './data_2/*.nc4': No such file or directory
cp: cannot stat './data_1/*.nc4': No such file or directory
/bin/rm: cannot remove './data_2/*.nc4': No such file or directory


real	0m0.785s
user	0m0.009s
sys	0m0.011s
cp: cannot stat './data_1/*.nc4': No such file or directory
/bin/mv: cannot stat './data_1/*.nc4': No such file or directory
cp: cannot stat './data_2/*.nc4': No such file or directory
/bin/rm: cannot remove './data_1/*.nc4': No such file or directory


real	0m0.788s
user	0m0.006s
sys	0m0.016s
cp: cannot stat './data_2/*.nc4': No such file or directory
/bin/mv: cannot stat './data_2/*.nc4': No such file or directory
cp: cannot stat './data_1/*.nc4': No such file or directory
/bin/rm: cannot remove './data_2/*.nc4': No such file or directory


real	0m0.780s
user	0m0.007s
sys	0m0.013s
cp: cannot stat './data_1/*.nc4': No such file or directory
/bin/mv: cannot stat './data_1/*.nc4': No such file or directory
cp: cannot stat './data_2/*.nc4': No such file or directory
/bin/rm: cannot remove './data_1/*.nc4': No such file or directory


real	0m0.782s
user	0m0.005s
sys	0m0.015s
cp: cannot stat './data_2/*.nc4': No such file or directory
/bin/mv: cannot stat './data_2/*.nc4': No such file or directory
cp: cannot stat './data_1/*.nc4': No such file or directory
/bin/rm: cannot remove './data_2/*.nc4': No such file or directory


real	0m0.783s
user	0m0.010s
sys	0m0.008s
cp: cannot stat './data_1/*.nc4': No such file or directory
/bin/mv: cannot stat './data_1/*.nc4': No such file or directory
cp: cannot stat './data_2/*.nc4': No such file or directory
/bin/rm: cannot remove './data_1/*.nc4': No such file or directory


real	0m0.790s
user	0m0.005s
sys	0m0.014s
cp: cannot stat './data_2/*.nc4': No such file or directory
/bin/mv: cannot stat './data_2/*.nc4': No such file or directory
cp: cannot stat './data_1/*.nc4': No such file or directory
/bin/rm: cannot remove './data_2/*.nc4': No such file or directory


real	0m0.789s
user	0m0.011s
sys	0m0.013s
cp: cannot stat './data_1/*.nc4': No such file or directory
/bin/mv: cannot stat './data_1/*.nc4': No such file or directory
cp: cannot stat './data_2/*.nc4': No such file or directory
/bin/rm: cannot remove './data_1/*.nc4': No such file or directory


real	0m0.783s
user	0m0.000s
sys	0m0.022s
cp: cannot stat './data_2/*.nc4': No such file or directory
/bin/mv: cannot stat './data_2/*.nc4': No such file or directory
cp: cannot stat './data_1/*.nc4': No such file or directory
/bin/rm: cannot remove './data_2/*.nc4': No such file or directory


real	0m0.775s
user	0m0.015s
sys	0m0.006s
cp: cannot stat './data_1/*.nc4': No such file or directory
/bin/mv: cannot stat './data_1/*.nc4': No such file or directory
cp: cannot stat './data_2/*.nc4': No such file or directory
/bin/rm: cannot remove './data_1/*.nc4': No such file or directory


real	0m0.759s
user	0m0.006s
sys	0m0.017s
cp: cannot stat './data_2/*.nc4': No such file or directory
/bin/mv: cannot stat './data_2/*.nc4': No such file or directory
cp: cannot stat './data_1/*.nc4': No such file or directory
/bin/rm: cannot remove './data_2/*.nc4': No such file or directory


real	0m0.771s
user	0m0.010s
sys	0m0.011s
cp: cannot stat './data_1/*.nc4': No such file or directory
/bin/mv: cannot stat './data_1/*.nc4': No such file or directory
cp: cannot stat './data_2/*.nc4': No such file or directory
/bin/rm: cannot remove './data_1/*.nc4': No such file or directory


real	0m0.775s
user	0m0.010s
sys	0m0.010s
cp: cannot stat './data_2/*.nc4': No such file or directory
/bin/mv: cannot stat './data_2/*.nc4': No such file or directory
cp: cannot stat './data_1/*.nc4': No such file or directory
/bin/rm: cannot remove './data_2/*.nc4': No such file or directory


real	0m0.782s
user	0m0.010s
sys	0m0.012s
cp: cannot stat './data_1/*.nc4': No such file or directory
/bin/mv: cannot stat './data_1/*.nc4': No such file or directory
cp: cannot stat './data_2/*.nc4': No such file or directory
/bin/rm: cannot remove './data_1/*.nc4': No such file or directory


real	0m0.770s
user	0m0.006s
sys	0m0.014s
cp: cannot stat './data_2/*.nc4': No such file or directory
/bin/mv: cannot stat './data_2/*.nc4': No such file or directory
cp: cannot stat './data_1/*.nc4': No such file or directory
/bin/rm: cannot remove './data_2/*.nc4': No such file or directory


real	0m0.777s
user	0m0.007s
sys	0m0.011s
cp: cannot stat './data_1/*.nc4': No such file or directory
/bin/mv: cannot stat './data_1/*.nc4': No such file or directory
cp: cannot stat './data_2/*.nc4': No such file or directory
/bin/rm: cannot remove './data_1/*.nc4': No such file or directory


real	0m0.782s
user	0m0.001s
sys	0m0.021s
cp: cannot stat './data_2/*.nc4': No such file or directory
/bin/mv: cannot stat './data_2/*.nc4': No such file or directory
cp: cannot stat './data_1/*.nc4': No such file or directory
/bin/rm: cannot remove './data_2/*.nc4': No such file or directory


real	0m0.777s
user	0m0.016s
sys	0m0.005s
cp: cannot stat './data_1/*.nc4': No such file or directory
/bin/mv: cannot stat './data_1/*.nc4': No such file or directory
cp: cannot stat './data_2/*.nc4': No such file or directory
/bin/rm: cannot remove './data_1/*.nc4': No such file or directory


real	0m0.784s
user	0m0.001s
sys	0m0.023s
cp: cannot stat './data_2/*.nc4': No such file or directory
/bin/mv: cannot stat './data_2/*.nc4': No such file or directory
cp: cannot stat './data_1/*.nc4': No such file or directory
/bin/rm: cannot remove './data_2/*.nc4': No such file or directory


real	0m0.781s
user	0m0.018s
sys	0m0.003s
cp: cannot stat './data_1/*.nc4': No such file or directory
/bin/mv: cannot stat './data_1/*.nc4': No such file or directory
cp: cannot stat './data_2/*.nc4': No such file or directory
/bin/rm: cannot remove './data_1/*.nc4': No such file or directory


real	0m0.859s
user	0m0.006s
sys	0m0.013s
cp: cannot stat './data_2/*.nc4': No such file or directory
/bin/mv: cannot stat './data_2/*.nc4': No such file or directory
cp: cannot stat './data_1/*.nc4': No such file or directory
/bin/rm: cannot remove './data_2/*.nc4': No such file or directory


real	0m0.797s
user	0m0.010s
sys	0m0.011s
cp: cannot stat './data_1/*.nc4': No such file or directory
/bin/mv: cannot stat './data_1/*.nc4': No such file or directory
cp: cannot stat './data_2/*.nc4': No such file or directory
/bin/rm: cannot remove './data_1/*.nc4': No such file or directory


real	0m0.793s
user	0m0.000s
sys	0m0.020s
cp: cannot stat './data_2/*.nc4': No such file or directory
/bin/mv: cannot stat './data_2/*.nc4': No such file or directory
cp: cannot stat './data_1/*.nc4': No such file or directory
/bin/rm: cannot remove './data_2/*.nc4': No such file or directory


real	0m0.785s
user	0m0.003s
sys	0m0.017s
cp: cannot stat './data_1/*.nc4': No such file or directory
/bin/mv: cannot stat './data_1/*.nc4': No such file or directory
cp: cannot stat './data_2/*.nc4': No such file or directory
/bin/rm: cannot remove './data_1/*.nc4': No such file or directory


real	0m0.792s
user	0m0.002s
sys	0m0.017s
cp: cannot stat './data_2/*.nc4': No such file or directory
/bin/mv: cannot stat './data_2/*.nc4': No such file or directory
cp: cannot stat './data_1/*.nc4': No such file or directory
/bin/rm: cannot remove './data_2/*.nc4': No such file or directory


real	0m0.791s
user	0m0.005s
sys	0m0.016s
cp: cannot stat './data_1/*.nc4': No such file or directory
/bin/mv: cannot stat './data_1/*.nc4': No such file or directory
cp: cannot stat './data_2/*.nc4': No such file or directory
/bin/rm: cannot remove './data_1/*.nc4': No such file or directory


real	0m0.784s
user	0m0.005s
sys	0m0.017s
cp: cannot stat './data_2/*.nc4': No such file or directory
/bin/mv: cannot stat './data_2/*.nc4': No such file or directory
cp: cannot stat './data_1/*.nc4': No such file or directory
/bin/rm: cannot remove './data_2/*.nc4': No such file or directory


real	0m0.785s
user	0m0.000s
sys	0m0.025s
cp: cannot stat './data_1/*.nc4': No such file or directory
/bin/mv: cannot stat './data_1/*.nc4': No such file or directory
cp: cannot stat './data_2/*.nc4': No such file or directory
/bin/rm: cannot remove './data_1/*.nc4': No such file or directory


real	0m0.785s
user	0m0.006s
sys	0m0.017s
cp: cannot stat './data_2/*.nc4': No such file or directory
/bin/mv: cannot stat './data_2/*.nc4': No such file or directory
cp: cannot stat './data_1/*.nc4': No such file or directory
/bin/rm: cannot remove './data_2/*.nc4': No such file or directory


real	0m0.800s
user	0m0.005s
sys	0m0.017s
cp: cannot stat './data_1/*.nc4': No such file or directory
/bin/mv: cannot stat './data_1/*.nc4': No such file or directory
cp: cannot stat './data_2/*.nc4': No such file or directory
/bin/rm: cannot remove './data_1/*.nc4': No such file or directory


real	0m0.773s
user	0m0.006s
sys	0m0.016s
cp: cannot stat './data_2/*.nc4': No such file or directory
/bin/mv: cannot stat './data_2/*.nc4': No such file or directory
cp: cannot stat './data_1/*.nc4': No such file or directory
/bin/rm: cannot remove './data_2/*.nc4': No such file or directory


real	0m0.787s
user	0m0.005s
sys	0m0.016s
cp: cannot stat './data_1/*.nc4': No such file or directory
/bin/mv: cannot stat './data_1/*.nc4': No such file or directory
cp: cannot stat './data_2/*.nc4': No such file or directory
/bin/rm: cannot remove './data_1/*.nc4': No such file or directory


real	0m0.788s
user	0m0.001s
sys	0m0.019s
cp: cannot stat './data_2/*.nc4': No such file or directory
/bin/mv: cannot stat './data_2/*.nc4': No such file or directory
cp: cannot stat './data_1/*.nc4': No such file or directory
/bin/rm: cannot remove './data_2/*.nc4': No such file or directory


real	0m0.785s
user	0m0.007s
sys	0m0.016s
cp: cannot stat './data_1/*.nc4': No such file or directory
/bin/mv: cannot stat './data_1/*.nc4': No such file or directory
cp: cannot stat './data_2/*.nc4': No such file or directory
/bin/rm: cannot remove './data_1/*.nc4': No such file or directory


real	0m0.785s
user	0m0.006s
sys	0m0.016s
cp: cannot stat './data_2/*.nc4': No such file or directory
/bin/mv: cannot stat './data_2/*.nc4': No such file or directory
cp: cannot stat './data_1/*.nc4': No such file or directory
/bin/rm: cannot remove './data_2/*.nc4': No such file or directory


real	0m0.789s
user	0m0.005s
sys	0m0.015s
cp: cannot stat './data_1/*.nc4': No such file or directory
/bin/mv: cannot stat './data_1/*.nc4': No such file or directory
cp: cannot stat './data_2/*.nc4': No such file or directory
/bin/rm: cannot remove './data_1/*.nc4': No such file or directory


real	0m0.784s
user	0m0.010s
sys	0m0.011s
cp: cannot stat './data_2/*.nc4': No such file or directory
/bin/mv: cannot stat './data_2/*.nc4': No such file or directory
cp: cannot stat './data_1/*.nc4': No such file or directory
/bin/rm: cannot remove './data_2/*.nc4': No such file or directory


real	0m0.792s
user	0m0.010s
sys	0m0.011s
cp: cannot stat './data_1/*.nc4': No such file or directory
/bin/mv: cannot stat './data_1/*.nc4': No such file or directory
cp: cannot stat './data_2/*.nc4': No such file or directory
/bin/rm: cannot remove './data_1/*.nc4': No such file or directory


real	0m0.788s
user	0m0.005s
sys	0m0.014s
cp: cannot stat './data_2/*.nc4': No such file or directory
/bin/mv: cannot stat './data_2/*.nc4': No such file or directory
cp: cannot stat './data_1/*.nc4': No such file or directory
/bin/rm: cannot remove './data_2/*.nc4': No such file or directory


real	0m0.794s
user	0m0.010s
sys	0m0.012s
cp: cannot stat './data_1/*.nc4': No such file or directory
/bin/mv: cannot stat './data_1/*.nc4': No such file or directory
cp: cannot stat './data_2/*.nc4': No such file or directory
/bin/rm: cannot remove './data_1/*.nc4': No such file or directory


real	0m0.786s
user	0m0.016s
sys	0m0.005s
cp: cannot stat './data_2/*.nc4': No such file or directory
/bin/mv: cannot stat './data_2/*.nc4': No such file or directory
cp: cannot stat './data_1/*.nc4': No such file or directory
/bin/rm: cannot remove './data_2/*.nc4': No such file or directory


real	0m0.786s
user	0m0.004s
sys	0m0.014s
cp: cannot stat './data_1/*.nc4': No such file or directory
/bin/mv: cannot stat './data_1/*.nc4': No such file or directory
cp: cannot stat './data_2/*.nc4': No such file or directory
/bin/rm: cannot remove './data_1/*.nc4': No such file or directory


real	0m0.812s
user	0m0.000s
sys	0m0.021s
cp: cannot stat './data_2/*.nc4': No such file or directory
/bin/mv: cannot stat './data_2/*.nc4': No such file or directory
cp: cannot stat './data_1/*.nc4': No such file or directory
/bin/rm: cannot remove './data_2/*.nc4': No such file or directory


real	0m0.791s
user	0m0.010s
sys	0m0.010s
cp: cannot stat './data_1/*.nc4': No such file or directory
/bin/mv: cannot stat './data_1/*.nc4': No such file or directory
cp: cannot stat './data_2/*.nc4': No such file or directory
/bin/rm: cannot remove './data_1/*.nc4': No such file or directory


real	0m0.795s
user	0m0.004s
sys	0m0.016s
cp: cannot stat './data_2/*.nc4': No such file or directory
/bin/mv: cannot stat './data_2/*.nc4': No such file or directory
cp: cannot stat './data_1/*.nc4': No such file or directory
/bin/rm: cannot remove './data_2/*.nc4': No such file or directory


real	0m0.779s
user	0m0.000s
sys	0m0.019s
cp: cannot stat './data_1/*.nc4': No such file or directory
/bin/mv: cannot stat './data_1/*.nc4': No such file or directory
cp: cannot stat './data_2/*.nc4': No such file or directory
/bin/rm: cannot remove './data_1/*.nc4': No such file or directory


real	0m0.786s
user	0m0.003s
sys	0m0.018s
cp: cannot stat './data_2/*.nc4': No such file or directory
/bin/mv: cannot stat './data_2/*.nc4': No such file or directory
cp: cannot stat './data_1/*.nc4': No such file or directory
/bin/rm: cannot remove './data_2/*.nc4': No such file or directory


real	0m0.791s
user	0m0.000s
sys	0m0.023s
cp: cannot stat './data_1/*.nc4': No such file or directory
/bin/mv: cannot stat './data_1/*.nc4': No such file or directory
cp: cannot stat './data_2/*.nc4': No such file or directory
/bin/rm: cannot remove './data_1/*.nc4': No such file or directory


real	0m0.776s
user	0m0.000s
sys	0m0.023s
cp: cannot stat './data_2/*.nc4': No such file or directory
/bin/mv: cannot stat './data_2/*.nc4': No such file or directory
cp: cannot stat './data_1/*.nc4': No such file or directory
/bin/rm: cannot remove './data_2/*.nc4': No such file or directory


real	0m0.784s
user	0m0.005s
sys	0m0.016s
cp: cannot stat './data_1/*.nc4': No such file or directory
/bin/mv: cannot stat './data_1/*.nc4': No such file or directory
cp: cannot stat './data_2/*.nc4': No such file or directory
/bin/rm: cannot remove './data_1/*.nc4': No such file or directory


real	0m0.785s
user	0m0.006s
sys	0m0.016s
cp: cannot stat './data_2/*.nc4': No such file or directory
/bin/mv: cannot stat './data_2/*.nc4': No such file or directory
cp: cannot stat './data_1/*.nc4': No such file or directory
/bin/rm: cannot remove './data_2/*.nc4': No such file or directory


real	0m0.790s
user	0m0.010s
sys	0m0.011s
cp: cannot stat './data_1/*.nc4': No such file or directory
/bin/mv: cannot stat './data_1/*.nc4': No such file or directory
cp: cannot stat './data_2/*.nc4': No such file or directory
/bin/rm: cannot remove './data_1/*.nc4': No such file or directory


real	0m0.782s
user	0m0.000s
sys	0m0.021s
cp: cannot stat './data_2/*.nc4': No such file or directory
/bin/mv: cannot stat './data_2/*.nc4': No such file or directory
cp: cannot stat './data_1/*.nc4': No such file or directory
/bin/rm: cannot remove './data_2/*.nc4': No such file or directory


real	0m0.790s
user	0m0.011s
sys	0m0.010s
cp: cannot stat './data_1/*.nc4': No such file or directory
/bin/mv: cannot stat './data_1/*.nc4': No such file or directory
cp: cannot stat './data_2/*.nc4': No such file or directory
/bin/rm: cannot remove './data_1/*.nc4': No such file or directory


real	0m0.772s
user	0m0.009s
sys	0m0.010s
cp: cannot stat './data_2/*.nc4': No such file or directory
/bin/mv: cannot stat './data_2/*.nc4': No such file or directory
cp: cannot stat './data_1/*.nc4': No such file or directory
/bin/rm: cannot remove './data_2/*.nc4': No such file or directory


real	0m0.793s
user	0m0.009s
sys	0m0.011s
cp: cannot stat './data_1/*.nc4': No such file or directory
/bin/mv: cannot stat './data_1/*.nc4': No such file or directory
cp: cannot stat './data_2/*.nc4': No such file or directory
/bin/rm: cannot remove './data_1/*.nc4': No such file or directory


real	0m0.628s
user	0m0.009s
sys	0m0.010s
cp: cannot stat './data_2/*.nc4': No such file or directory
/bin/mv: cannot stat './data_2/*.nc4': No such file or directory
cp: cannot stat './data_1/*.nc4': No such file or directory
/bin/rm: cannot remove './data_2/*.nc4': No such file or directory
slurmstepd: error: *** JOB 5978 ON catch-m6a4xl-demand-dy-m6a4xlarge-9 CANCELLED AT 2024-02-28T21:17:33 ***
