cp: cannot stat './data_1/*.nc4': No such file or directory
/bin/mv: cannot stat './data_1/*.nc4': No such file or directory
cp: cannot stat './data_2/*.nc4': No such file or directory
/bin/rm: cannot remove './data_1/*.nc4': No such file or directory


real	0m0.039s
user	0m0.006s
sys	0m0.017s
cp: cannot stat './data_2/*.nc4': No such file or directory
/bin/mv: cannot stat './data_2/*.nc4': No such file or directory
cp: cannot stat './data_1/*.nc4': No such file or directory
/bin/rm: cannot remove './data_2/*.nc4': No such file or directory


real	0m0.037s
user	0m0.005s
sys	0m0.016s
cp: cannot stat './data_1/*.nc4': No such file or directory
/bin/mv: cannot stat './data_1/*.nc4': No such file or directory
cp: cannot stat './data_2/*.nc4': No such file or directory
/bin/rm: cannot remove './data_1/*.nc4': No such file or directory


real	0m0.037s
user	0m0.000s
sys	0m0.020s
cp: cannot stat './data_2/*.nc4': No such file or directory
/bin/mv: cannot stat './data_2/*.nc4': No such file or directory
cp: cannot stat './data_1/*.nc4': No such file or directory
/bin/rm: cannot remove './data_2/*.nc4': No such file or directory


real	0m0.720s
user	0m0.002s
sys	0m0.015s
cp: cannot stat './data_1/*.nc4': No such file or directory
/bin/mv: cannot stat './data_1/*.nc4': No such file or directory
cp: cannot stat './data_2/*.nc4': No such file or directory
/bin/rm: cannot remove './data_1/*.nc4': No such file or directory


real	0m0.821s
user	0m0.000s
sys	0m0.020s
cp: cannot stat './data_2/*.nc4': No such file or directory
/bin/mv: cannot stat './data_2/*.nc4': No such file or directory
cp: cannot stat './data_1/*.nc4': No such file or directory
/bin/rm: cannot remove './data_2/*.nc4': No such file or directory


real	0m0.776s
user	0m0.013s
sys	0m0.005s
cp: cannot stat './data_1/*.nc4': No such file or directory
/bin/mv: cannot stat './data_1/*.nc4': No such file or directory
cp: cannot stat './data_2/*.nc4': No such file or directory
/bin/rm: cannot remove './data_1/*.nc4': No such file or directory


real	0m0.772s
user	0m0.005s
sys	0m0.014s
cp: cannot stat './data_2/*.nc4': No such file or directory
/bin/mv: cannot stat './data_2/*.nc4': No such file or directory
cp: cannot stat './data_1/*.nc4': No such file or directory
/bin/rm: cannot remove './data_2/*.nc4': No such file or directory


real	0m0.771s
user	0m0.007s
sys	0m0.012s
cp: cannot stat './data_1/*.nc4': No such file or directory
/bin/mv: cannot stat './data_1/*.nc4': No such file or directory
cp: cannot stat './data_2/*.nc4': No such file or directory
/bin/rm: cannot remove './data_1/*.nc4': No such file or directory


real	0m0.770s
user	0m0.009s
sys	0m0.010s
cp: cannot stat './data_2/*.nc4': No such file or directory
/bin/mv: cannot stat './data_2/*.nc4': No such file or directory
cp: cannot stat './data_1/*.nc4': No such file or directory
/bin/rm: cannot remove './data_2/*.nc4': No such file or directory


real	0m0.771s
user	0m0.005s
sys	0m0.014s
cp: cannot stat './data_1/*.nc4': No such file or directory
/bin/mv: cannot stat './data_1/*.nc4': No such file or directory
cp: cannot stat './data_2/*.nc4': No such file or directory
/bin/rm: cannot remove './data_1/*.nc4': No such file or directory


real	0m0.771s
user	0m0.014s
sys	0m0.005s
cp: cannot stat './data_2/*.nc4': No such file or directory
/bin/mv: cannot stat './data_2/*.nc4': No such file or directory
cp: cannot stat './data_1/*.nc4': No such file or directory
/bin/rm: cannot remove './data_2/*.nc4': No such file or directory


real	0m0.776s
user	0m0.004s
sys	0m0.014s
cp: cannot stat './data_1/*.nc4': No such file or directory
/bin/mv: cannot stat './data_1/*.nc4': No such file or directory
cp: cannot stat './data_2/*.nc4': No such file or directory
/bin/rm: cannot remove './data_1/*.nc4': No such file or directory


real	0m0.778s
user	0m0.000s
sys	0m0.020s
cp: cannot stat './data_2/*.nc4': No such file or directory
/bin/mv: cannot stat './data_2/*.nc4': No such file or directory
cp: cannot stat './data_1/*.nc4': No such file or directory
/bin/rm: cannot remove './data_2/*.nc4': No such file or directory


real	0m0.822s
user	0m0.010s
sys	0m0.010s
cp: cannot stat './data_1/*.nc4': No such file or directory
/bin/mv: cannot stat './data_1/*.nc4': No such file or directory
cp: cannot stat './data_2/*.nc4': No such file or directory
/bin/rm: cannot remove './data_1/*.nc4': No such file or directory


real	0m1.028s
user	0m0.013s
sys	0m0.005s
cp: cannot stat './data_2/*.nc4': No such file or directory
/bin/mv: cannot stat './data_2/*.nc4': No such file or directory
cp: cannot stat './data_1/*.nc4': No such file or directory
/bin/rm: cannot remove './data_2/*.nc4': No such file or directory


real	0m1.044s
user	0m0.010s
sys	0m0.010s
cp: cannot stat './data_1/*.nc4': No such file or directory
/bin/mv: cannot stat './data_1/*.nc4': No such file or directory
cp: cannot stat './data_2/*.nc4': No such file or directory
/bin/rm: cannot remove './data_1/*.nc4': No such file or directory


real	0m1.031s
user	0m0.010s
sys	0m0.010s
cp: cannot stat './data_2/*.nc4': No such file or directory
/bin/mv: cannot stat './data_2/*.nc4': No such file or directory
cp: cannot stat './data_1/*.nc4': No such file or directory
/bin/rm: cannot remove './data_2/*.nc4': No such file or directory


real	0m1.031s
user	0m0.015s
sys	0m0.005s
cp: cannot stat './data_1/*.nc4': No such file or directory
/bin/mv: cannot stat './data_1/*.nc4': No such file or directory
cp: cannot stat './data_2/*.nc4': No such file or directory
/bin/rm: cannot remove './data_1/*.nc4': No such file or directory


real	0m1.003s
user	0m0.005s
sys	0m0.016s
cp: cannot stat './data_2/*.nc4': No such file or directory
/bin/mv: cannot stat './data_2/*.nc4': No such file or directory
cp: cannot stat './data_1/*.nc4': No such file or directory
/bin/rm: cannot remove './data_2/*.nc4': No such file or directory


real	0m0.982s
user	0m0.016s
sys	0m0.005s
cp: cannot stat './data_1/*.nc4': No such file or directory
/bin/mv: cannot stat './data_1/*.nc4': No such file or directory
cp: cannot stat './data_2/*.nc4': No such file or directory
/bin/rm: cannot remove './data_1/*.nc4': No such file or directory


real	0m0.986s
user	0m0.014s
sys	0m0.005s
cp: cannot stat './data_2/*.nc4': No such file or directory
/bin/mv: cannot stat './data_2/*.nc4': No such file or directory
cp: cannot stat './data_1/*.nc4': No such file or directory
/bin/rm: cannot remove './data_2/*.nc4': No such file or directory


real	0m0.985s
user	0m0.010s
sys	0m0.009s
cp: cannot stat './data_1/*.nc4': No such file or directory
/bin/mv: cannot stat './data_1/*.nc4': No such file or directory
cp: cannot stat './data_2/*.nc4': No such file or directory
/bin/rm: cannot remove './data_1/*.nc4': No such file or directory


real	0m1.038s
user	0m0.013s
sys	0m0.005s
cp: cannot stat './data_2/*.nc4': No such file or directory
/bin/mv: cannot stat './data_2/*.nc4': No such file or directory
cp: cannot stat './data_1/*.nc4': No such file or directory
/bin/rm: cannot remove './data_2/*.nc4': No such file or directory


real	0m1.032s
user	0m0.009s
sys	0m0.009s
cp: cannot stat './data_1/*.nc4': No such file or directory
/bin/mv: cannot stat './data_1/*.nc4': No such file or directory
cp: cannot stat './data_2/*.nc4': No such file or directory
/bin/rm: cannot remove './data_1/*.nc4': No such file or directory


real	0m1.043s
user	0m0.012s
sys	0m0.008s
cp: cannot stat './data_2/*.nc4': No such file or directory
/bin/mv: cannot stat './data_2/*.nc4': No such file or directory
cp: cannot stat './data_1/*.nc4': No such file or directory
/bin/rm: cannot remove './data_2/*.nc4': No such file or directory


real	0m1.034s
user	0m0.008s
sys	0m0.009s
cp: cannot stat './data_1/*.nc4': No such file or directory
/bin/mv: cannot stat './data_1/*.nc4': No such file or directory
cp: cannot stat './data_2/*.nc4': No such file or directory
/bin/rm: cannot remove './data_1/*.nc4': No such file or directory


real	0m1.038s
user	0m0.007s
sys	0m0.013s
cp: cannot stat './data_2/*.nc4': No such file or directory
/bin/mv: cannot stat './data_2/*.nc4': No such file or directory
cp: cannot stat './data_1/*.nc4': No such file or directory
/bin/rm: cannot remove './data_2/*.nc4': No such file or directory


real	0m1.039s
user	0m0.009s
sys	0m0.009s
cp: cannot stat './data_1/*.nc4': No such file or directory
/bin/mv: cannot stat './data_1/*.nc4': No such file or directory
cp: cannot stat './data_2/*.nc4': No such file or directory
/bin/rm: cannot remove './data_1/*.nc4': No such file or directory


real	0m1.034s
user	0m0.005s
sys	0m0.015s
cp: cannot stat './data_2/*.nc4': No such file or directory
/bin/mv: cannot stat './data_2/*.nc4': No such file or directory
cp: cannot stat './data_1/*.nc4': No such file or directory
/bin/rm: cannot remove './data_2/*.nc4': No such file or directory


real	0m1.042s
user	0m0.005s
sys	0m0.015s
cp: cannot stat './data_1/*.nc4': No such file or directory
/bin/mv: cannot stat './data_1/*.nc4': No such file or directory
cp: cannot stat './data_2/*.nc4': No such file or directory
/bin/rm: cannot remove './data_1/*.nc4': No such file or directory


real	0m1.029s
user	0m0.007s
sys	0m0.013s
cp: cannot stat './data_2/*.nc4': No such file or directory
/bin/mv: cannot stat './data_2/*.nc4': No such file or directory
cp: cannot stat './data_1/*.nc4': No such file or directory
/bin/rm: cannot remove './data_2/*.nc4': No such file or directory


real	0m1.040s
user	0m0.003s
sys	0m0.016s
cp: cannot stat './data_1/*.nc4': No such file or directory
/bin/mv: cannot stat './data_1/*.nc4': No such file or directory
cp: cannot stat './data_2/*.nc4': No such file or directory
/bin/rm: cannot remove './data_1/*.nc4': No such file or directory


real	0m1.047s
user	0m0.000s
sys	0m0.020s
cp: cannot stat './data_2/*.nc4': No such file or directory
/bin/mv: cannot stat './data_2/*.nc4': No such file or directory
cp: cannot stat './data_1/*.nc4': No such file or directory
/bin/rm: cannot remove './data_2/*.nc4': No such file or directory


real	0m1.038s
user	0m0.000s
sys	0m0.018s
cp: cannot stat './data_1/*.nc4': No such file or directory
/bin/mv: cannot stat './data_1/*.nc4': No such file or directory
cp: cannot stat './data_2/*.nc4': No such file or directory
/bin/rm: cannot remove './data_1/*.nc4': No such file or directory


real	0m1.038s
user	0m0.004s
sys	0m0.013s
cp: cannot stat './data_2/*.nc4': No such file or directory
/bin/mv: cannot stat './data_2/*.nc4': No such file or directory
cp: cannot stat './data_1/*.nc4': No such file or directory
/bin/rm: cannot remove './data_2/*.nc4': No such file or directory


real	0m1.045s
user	0m0.012s
sys	0m0.005s
cp: cannot stat './data_1/*.nc4': No such file or directory
/bin/mv: cannot stat './data_1/*.nc4': No such file or directory
cp: cannot stat './data_2/*.nc4': No such file or directory
/bin/rm: cannot remove './data_1/*.nc4': No such file or directory


real	0m1.043s
user	0m0.014s
sys	0m0.006s
cp: cannot stat './data_2/*.nc4': No such file or directory
/bin/mv: cannot stat './data_2/*.nc4': No such file or directory
cp: cannot stat './data_1/*.nc4': No such file or directory
/bin/rm: cannot remove './data_2/*.nc4': No such file or directory


real	0m1.039s
user	0m0.000s
sys	0m0.020s
cp: cannot stat './data_1/*.nc4': No such file or directory
/bin/mv: cannot stat './data_1/*.nc4': No such file or directory
cp: cannot stat './data_2/*.nc4': No such file or directory
/bin/rm: cannot remove './data_1/*.nc4': No such file or directory


real	0m1.035s
user	0m0.005s
sys	0m0.013s
cp: cannot stat './data_2/*.nc4': No such file or directory
/bin/mv: cannot stat './data_2/*.nc4': No such file or directory
cp: cannot stat './data_1/*.nc4': No such file or directory
/bin/rm: cannot remove './data_2/*.nc4': No such file or directory


real	0m1.045s
user	0m0.012s
sys	0m0.008s
cp: cannot stat './data_1/*.nc4': No such file or directory
/bin/mv: cannot stat './data_1/*.nc4': No such file or directory
cp: cannot stat './data_2/*.nc4': No such file or directory
/bin/rm: cannot remove './data_1/*.nc4': No such file or directory


real	0m0.834s
user	0m0.004s
sys	0m0.013s
cp: cannot stat './data_2/*.nc4': No such file or directory
/bin/mv: cannot stat './data_2/*.nc4': No such file or directory
cp: cannot stat './data_1/*.nc4': No such file or directory
/bin/rm: cannot remove './data_2/*.nc4': No such file or directory
slurmstepd: error: *** JOB 5998 ON catch-m6a4xl-demand-dy-m6a4xlarge-4 CANCELLED AT 2024-02-28T21:25:29 ***
